#
# A fatal error has been detected by the Java Runtime Environment:
#
#  Internal Error (safepoint.cpp:919), pid=7677, tid=27651
#  fatal error: Illegal threadstate encountered: 4
#
# JRE version: OpenJDK Runtime Environment Temurin-11.0.13+8 (11.0.13+8) (build 11.0.13+8)
# Java VM: OpenJDK 64-Bit Server VM Temurin-11.0.13+8 (11.0.13+8, mixed mode, tiered, compressed oops, g1 gc, bsd-amd64)
# No core dump will be written. Core dumps have been disabled. To enable core dumping, try "ulimit -c unlimited" before starting Java again
#
# If you would like to submit a bug report, please visit:
#   https://github.com/adoptium/adoptium-support/issues
# The crash happened outside the Java Virtual Machine in native code.
# See problematic frame for where to report the bug.
#

---------------  S U M M A R Y ------------

Command Line: --module-path=/Users/stojajozic/Desktop/RIT/Sophmore/Spring/ISTE-121/JavaFXDownloads/javafx-sdk-17.0.1/lib --add-modules=javafx.controls -Dprism.verbose=true View

Host: MacBookPro12,1 x86_64 2700 MHz, 4 cores, 8G, Darwin 21.3.0
Time: Tue Apr 26 16:29:46 2022 CEST elapsed time: 201.294071 seconds (0d 0h 3m 21s)

---------------  T H R E A D  ---------------

Current thread (0x00007fa089a97000):  JavaThread "InvokeLaterDispatcher" daemon [_thread_in_native, id=27651, stack(0x0000700008e3e000,0x0000700008f3e000)]

Stack: [0x0000700008e3e000,0x0000700008f3e000],  sp=0x0000700008f3c340,  free space=1016k
Native frames: (J=compiled Java code, A=aot compiled Java code, j=interpreted, Vv=VM code, C=native code)
V  [libjvm.dylib+0x7c3ee8]  _ZN7VMError14report_and_dieEiPKcS1_P13__va_list_tagP6ThreadPhPvS7_S1_im+0x652
V  [libjvm.dylib+0x276925]  _Z12report_fatal11VMErrorTypePKciS1_z+0xc0
V  [libjvm.dylib+0x69a191]  _ZN20SafepointSynchronize5blockEP10JavaThread+0x1d9
V  [libjvm.dylib+0x69b6ff]  _ZN18SafepointMechanism23block_if_requested_slowEP10JavaThread+0x1d
V  [libjvm.dylib+0x77c95a]  _ZN10JavaThread44check_safepoint_and_suspend_for_native_transEPS_+0x9c
V  [libjvm.dylib+0x3f186a]  jni_DeleteGlobalRef+0x93
C  [libglass.dylib+0x82e8]  -[GlassRunnable dealloc]+0x28
C  [Foundation+0x80eab]  -[_NSThreadPerformInfo dealloc]+0x2a
C  [Foundation+0x4dcd7]  -[NSObject(NSThreadPerformAdditions) performSelectorOnMainThread:withObject:waitUntilDone:]+0x7c
J 1437  com.sun.glass.ui.mac.MacApplication._submitForLaterInvocation(Ljava/lang/Runnable;)V javafx.graphics (0 bytes) @ 0x000000011b87d60f [0x000000011b87d540+0x00000000000000cf]
J 2243 c2 com.sun.glass.ui.mac.MacApplication.submitForLaterInvocation(Ljava/lang/Runnable;)V javafx.graphics (6 bytes) @ 0x000000011b8c9154 [0x000000011b8c9120+0x0000000000000034]
j  com.sun.glass.ui.InvokeLaterDispatcher.run()V+82 javafx.graphics
v  ~StubRoutines::call_stub
V  [libjvm.dylib+0x3b5a80]  _ZN9JavaCalls11call_helperEP9JavaValueRK12methodHandleP17JavaCallArgumentsP6Thread+0x1fe
V  [libjvm.dylib+0x3b4ee6]  _ZN9JavaCalls12call_virtualEP9JavaValueP5KlassP6SymbolS5_P17JavaCallArgumentsP6Thread+0xee
V  [libjvm.dylib+0x3b4fa2]  _ZN9JavaCalls12call_virtualEP9JavaValue6HandleP5KlassP6SymbolS6_P6Thread+0x62
V  [libjvm.dylib+0x43c182]  _ZL12thread_entryP10JavaThreadP6Thread+0x78
V  [libjvm.dylib+0x77b3e4]  _ZN10JavaThread17thread_main_innerEv+0x82
V  [libjvm.dylib+0x77b22e]  _ZN10JavaThread3runEv+0x122
V  [libjvm.dylib+0x779148]  _ZN6Thread8call_runEv+0x68
V  [libjvm.dylib+0x6277ed]  _ZL19thread_native_entryP6Thread+0x139
C  [libsystem_pthread.dylib+0x64f4]  _pthread_start+0x7d
C  [libsystem_pthread.dylib+0x200f]  thread_start+0xf

Java frames: (J=compiled Java code, j=interpreted, Vv=VM code)
J 1437  com.sun.glass.ui.mac.MacApplication._submitForLaterInvocation(Ljava/lang/Runnable;)V javafx.graphics (0 bytes) @ 0x000000011b87d59c [0x000000011b87d540+0x000000000000005c]
J 2243 c2 com.sun.glass.ui.mac.MacApplication.submitForLaterInvocation(Ljava/lang/Runnable;)V javafx.graphics (6 bytes) @ 0x000000011b8c9154 [0x000000011b8c9120+0x0000000000000034]
j  com.sun.glass.ui.InvokeLaterDispatcher.run()V+82 javafx.graphics
v  ~StubRoutines::call_stub

---------------  P R O C E S S  ---------------

Threads class SMR info:
_java_thread_list=0x00006000027d3e20, length=14, elements={
0x00007fa08981d000, 0x00007fa08985f800, 0x00007fa089860000, 0x00007fa08986d800,
0x00007fa089870800, 0x00007fa089871800, 0x00007fa08a0ad800, 0x00007fa0898bc800,
0x00007fa08a188800, 0x00007fa08996d800, 0x00007fa089a97000, 0x00007fa089a98000,
0x00007fa08a357800, 0x00007fa089b80800
}

Java Threads: ( => current thread )
  0x00007fa08981d000 JavaThread "main" [_thread_blocked, id=6147, stack(0x0000700007c05000,0x0000700007d05000)]
  0x00007fa08985f800 JavaThread "Reference Handler" daemon [_thread_blocked, id=18435, stack(0x000070000831a000,0x000070000841a000)]
  0x00007fa089860000 JavaThread "Finalizer" daemon [_thread_blocked, id=14339, stack(0x000070000841d000,0x000070000851d000)]
  0x00007fa08986d800 JavaThread "Signal Dispatcher" daemon [_thread_blocked, id=16387, stack(0x0000700008626000,0x0000700008726000)]
  0x00007fa089870800 JavaThread "Service Thread" daemon [_thread_blocked, id=22019, stack(0x0000700008729000,0x0000700008829000)]
  0x00007fa089871800 JavaThread "C2 CompilerThread0" daemon [_thread_blocked, id=22787, stack(0x000070000882c000,0x000070000892c000)]
  0x00007fa08a0ad800 JavaThread "C1 CompilerThread0" daemon [_thread_blocked, id=23299, stack(0x000070000892f000,0x0000700008a2f000)]
  0x00007fa0898bc800 JavaThread "Sweeper thread" daemon [_thread_blocked, id=42755, stack(0x0000700008a32000,0x0000700008b32000)]
  0x00007fa08a188800 JavaThread "Common-Cleaner" daemon [_thread_blocked, id=41987, stack(0x0000700008b35000,0x0000700008c35000)]
  0x00007fa08996d800 JavaThread "QuantumRenderer-0" daemon [_thread_blocked, id=24323, stack(0x0000700008d3b000,0x0000700008e3b000)]
=>0x00007fa089a97000 JavaThread "InvokeLaterDispatcher" daemon [_thread_in_native, id=27651, stack(0x0000700008e3e000,0x0000700008f3e000)]
  0x00007fa089a98000 JavaThread "JavaFX Application Thread" [_thread_in_native_trans, id=259, stack(0x00007ff7b84da000,0x00007ff7b8cda000)]
  0x00007fa08a357800 JavaThread "JavaFX-Launcher" [_thread_blocked, id=52483, stack(0x0000700009453000,0x0000700009553000)]
  0x00007fa089b80800 JavaThread "PulseTimer-CVDisplayLink thread" daemon [_thread_in_native, id=79639, stack(0x00007000092cd000,0x000070000934d000)]

Other Threads:
  0x00007fa08985a800 VMThread "VM Thread" [stack: 0x0000700008217000,0x0000700008317000] [id=18947]
  0x00007fa089923800 WatcherThread [stack: 0x0000700008c38000,0x0000700008d38000] [id=41475]
  0x00007fa08a00d000 GCTaskThread "GC Thread#0" [stack: 0x0000700007d08000,0x0000700007e08000] [id=11779]
  0x00007fa089a98800 GCTaskThread "GC Thread#1" [stack: 0x0000700008f41000,0x0000700009041000] [id=37379]
  0x00007fa089a8e800 GCTaskThread "GC Thread#2" [stack: 0x0000700009044000,0x0000700009144000] [id=28163]
  0x00007fa089aa1800 GCTaskThread "GC Thread#3" [stack: 0x0000700009147000,0x0000700009247000] [id=28675]
  0x00007fa08a033800 ConcurrentGCThread "G1 Main Marker" [stack: 0x0000700007e0b000,0x0000700007f0b000] [id=20995]
  0x00007fa08a034000 ConcurrentGCThread "G1 Conc#0" [stack: 0x0000700007f0e000,0x000070000800e000] [id=12803]
  0x00007fa08a079800 ConcurrentGCThread "G1 Refine#0" [stack: 0x0000700008011000,0x0000700008111000] [id=13059]
  0x00007fa08a07a000 ConcurrentGCThread "G1 Young RemSet Sampling" [stack: 0x0000700008114000,0x0000700008214000] [id=20227]

Threads with active compile tasks:

VM state:not at safepoint (normal execution)

VM Mutex/Monitor currently owned by a thread: None

Heap address: 0x0000000780000000, size: 2048 MB, Compressed Oops mode: Zero based, Oop shift amount: 3
Narrow klass base: 0x0000000800000000, Narrow klass shift: 0
Compressed class space size: 1073741824 Address: 0x0000000800000000

Heap:
 garbage-first heap   total 131072K, used 41680K [0x0000000780000000, 0x0000000800000000)
  region size 1024K, 41 young (41984K), 2 survivors (2048K)
 Metaspace       used 16916K, capacity 17414K, committed 17536K, reserved 1064960K
  class space    used 1910K, capacity 2141K, committed 2176K, reserved 1048576K
Heap Regions: E=young(eden), S=young(survivor), O=old, HS=humongous(starts), HC=humongous(continues), CS=collection set, F=free, A=archive, TAMS=top-at-mark-start (previous, next)
|   0|0x0000000780000000, 0x0000000780100000, 0x0000000780100000|100%|HS|  |TAMS 0x0000000780000000, 0x0000000780000000| Complete 
|   1|0x0000000780100000, 0x0000000780200000, 0x0000000780200000|100%|HC|  |TAMS 0x0000000780100000, 0x0000000780100000| Complete 
|   2|0x0000000780200000, 0x0000000780200000, 0x0000000780300000|  0%| F|  |TAMS 0x0000000780200000, 0x0000000780200000| Untracked 
|   3|0x0000000780300000, 0x0000000780300000, 0x0000000780400000|  0%| F|  |TAMS 0x0000000780300000, 0x0000000780300000| Untracked 
|   4|0x0000000780400000, 0x0000000780400000, 0x0000000780500000|  0%| F|  |TAMS 0x0000000780400000, 0x0000000780400000| Untracked 
|   5|0x0000000780500000, 0x0000000780500000, 0x0000000780600000|  0%| F|  |TAMS 0x0000000780500000, 0x0000000780500000| Untracked 
|   6|0x0000000780600000, 0x0000000780600000, 0x0000000780700000|  0%| F|  |TAMS 0x0000000780600000, 0x0000000780600000| Untracked 
|   7|0x0000000780700000, 0x0000000780700000, 0x0000000780800000|  0%| F|  |TAMS 0x0000000780700000, 0x0000000780700000| Untracked 
|   8|0x0000000780800000, 0x0000000780800000, 0x0000000780900000|  0%| F|  |TAMS 0x0000000780800000, 0x0000000780800000| Untracked 
|   9|0x0000000780900000, 0x0000000780900000, 0x0000000780a00000|  0%| F|  |TAMS 0x0000000780900000, 0x0000000780900000| Untracked 
|  10|0x0000000780a00000, 0x0000000780a00000, 0x0000000780b00000|  0%| F|  |TAMS 0x0000000780a00000, 0x0000000780a00000| Untracked 
|  11|0x0000000780b00000, 0x0000000780b00000, 0x0000000780c00000|  0%| F|  |TAMS 0x0000000780b00000, 0x0000000780b00000| Untracked 
|  12|0x0000000780c00000, 0x0000000780c00000, 0x0000000780d00000|  0%| F|  |TAMS 0x0000000780c00000, 0x0000000780c00000| Untracked 
|  13|0x0000000780d00000, 0x0000000780d00000, 0x0000000780e00000|  0%| F|  |TAMS 0x0000000780d00000, 0x0000000780d00000| Untracked 
|  14|0x0000000780e00000, 0x0000000780e00000, 0x0000000780f00000|  0%| F|  |TAMS 0x0000000780e00000, 0x0000000780e00000| Untracked 
|  15|0x0000000780f00000, 0x0000000780f00000, 0x0000000781000000|  0%| F|  |TAMS 0x0000000780f00000, 0x0000000780f00000| Untracked 
|  16|0x0000000781000000, 0x0000000781000000, 0x0000000781100000|  0%| F|  |TAMS 0x0000000781000000, 0x0000000781000000| Untracked 
|  17|0x0000000781100000, 0x0000000781100000, 0x0000000781200000|  0%| F|  |TAMS 0x0000000781100000, 0x0000000781100000| Untracked 
|  18|0x0000000781200000, 0x0000000781200000, 0x0000000781300000|  0%| F|  |TAMS 0x0000000781200000, 0x0000000781200000| Untracked 
|  19|0x0000000781300000, 0x0000000781300000, 0x0000000781400000|  0%| F|  |TAMS 0x0000000781300000, 0x0000000781300000| Untracked 
|  20|0x0000000781400000, 0x0000000781400000, 0x0000000781500000|  0%| F|  |TAMS 0x0000000781400000, 0x0000000781400000| Untracked 
|  21|0x0000000781500000, 0x0000000781500000, 0x0000000781600000|  0%| F|  |TAMS 0x0000000781500000, 0x0000000781500000| Untracked 
|  22|0x0000000781600000, 0x0000000781600000, 0x0000000781700000|  0%| F|  |TAMS 0x0000000781600000, 0x0000000781600000| Untracked 
|  23|0x0000000781700000, 0x0000000781700000, 0x0000000781800000|  0%| F|  |TAMS 0x0000000781700000, 0x0000000781700000| Untracked 
|  24|0x0000000781800000, 0x0000000781800000, 0x0000000781900000|  0%| F|  |TAMS 0x0000000781800000, 0x0000000781800000| Untracked 
|  25|0x0000000781900000, 0x0000000781900000, 0x0000000781a00000|  0%| F|  |TAMS 0x0000000781900000, 0x0000000781900000| Untracked 
|  26|0x0000000781a00000, 0x0000000781a00000, 0x0000000781b00000|  0%| F|  |TAMS 0x0000000781a00000, 0x0000000781a00000| Untracked 
|  27|0x0000000781b00000, 0x0000000781b00000, 0x0000000781c00000|  0%| F|  |TAMS 0x0000000781b00000, 0x0000000781b00000| Untracked 
|  28|0x0000000781c00000, 0x0000000781c00000, 0x0000000781d00000|  0%| F|  |TAMS 0x0000000781c00000, 0x0000000781c00000| Untracked 
|  29|0x0000000781d00000, 0x0000000781d00000, 0x0000000781e00000|  0%| F|  |TAMS 0x0000000781d00000, 0x0000000781d00000| Untracked 
|  30|0x0000000781e00000, 0x0000000781e00000, 0x0000000781f00000|  0%| F|  |TAMS 0x0000000781e00000, 0x0000000781e00000| Untracked 
|  31|0x0000000781f00000, 0x0000000781f00000, 0x0000000782000000|  0%| F|  |TAMS 0x0000000781f00000, 0x0000000781f00000| Untracked 
|  32|0x0000000782000000, 0x0000000782000000, 0x0000000782100000|  0%| F|  |TAMS 0x0000000782000000, 0x0000000782000000| Untracked 
|  33|0x0000000782100000, 0x0000000782100000, 0x0000000782200000|  0%| F|  |TAMS 0x0000000782100000, 0x0000000782100000| Untracked 
|  34|0x0000000782200000, 0x0000000782200000, 0x0000000782300000|  0%| F|  |TAMS 0x0000000782200000, 0x0000000782200000| Untracked 
|  35|0x0000000782300000, 0x0000000782300000, 0x0000000782400000|  0%| F|  |TAMS 0x0000000782300000, 0x0000000782300000| Untracked 
|  36|0x0000000782400000, 0x0000000782400000, 0x0000000782500000|  0%| F|  |TAMS 0x0000000782400000, 0x0000000782400000| Untracked 
|  37|0x0000000782500000, 0x0000000782500000, 0x0000000782600000|  0%| F|  |TAMS 0x0000000782500000, 0x0000000782500000| Untracked 
|  38|0x0000000782600000, 0x0000000782600000, 0x0000000782700000|  0%| F|  |TAMS 0x0000000782600000, 0x0000000782600000| Untracked 
|  39|0x0000000782700000, 0x0000000782700000, 0x0000000782800000|  0%| F|  |TAMS 0x0000000782700000, 0x0000000782700000| Untracked 
|  40|0x0000000782800000, 0x0000000782800000, 0x0000000782900000|  0%| F|  |TAMS 0x0000000782800000, 0x0000000782800000| Untracked 
|  41|0x0000000782900000, 0x0000000782900000, 0x0000000782a00000|  0%| F|  |TAMS 0x0000000782900000, 0x0000000782900000| Untracked 
|  42|0x0000000782a00000, 0x0000000782a00000, 0x0000000782b00000|  0%| F|  |TAMS 0x0000000782a00000, 0x0000000782a00000| Untracked 
|  43|0x0000000782b00000, 0x0000000782b00000, 0x0000000782c00000|  0%| F|  |TAMS 0x0000000782b00000, 0x0000000782b00000| Untracked 
|  44|0x0000000782c00000, 0x0000000782c00000, 0x0000000782d00000|  0%| F|  |TAMS 0x0000000782c00000, 0x0000000782c00000| Untracked 
|  45|0x0000000782d00000, 0x0000000782d00000, 0x0000000782e00000|  0%| F|  |TAMS 0x0000000782d00000, 0x0000000782d00000| Untracked 
|  46|0x0000000782e00000, 0x0000000782e00000, 0x0000000782f00000|  0%| F|  |TAMS 0x0000000782e00000, 0x0000000782e00000| Untracked 
|  47|0x0000000782f00000, 0x0000000782f00000, 0x0000000783000000|  0%| F|  |TAMS 0x0000000782f00000, 0x0000000782f00000| Untracked 
|  48|0x0000000783000000, 0x0000000783000000, 0x0000000783100000|  0%| F|  |TAMS 0x0000000783000000, 0x0000000783000000| Untracked 
|  49|0x0000000783100000, 0x0000000783100000, 0x0000000783200000|  0%| F|  |TAMS 0x0000000783100000, 0x0000000783100000| Untracked 
|  50|0x0000000783200000, 0x0000000783200000, 0x0000000783300000|  0%| F|  |TAMS 0x0000000783200000, 0x0000000783200000| Untracked 
|  51|0x0000000783300000, 0x0000000783300000, 0x0000000783400000|  0%| F|  |TAMS 0x0000000783300000, 0x0000000783300000| Untracked 
|  52|0x0000000783400000, 0x0000000783400000, 0x0000000783500000|  0%| F|  |TAMS 0x0000000783400000, 0x0000000783400000| Untracked 
|  53|0x0000000783500000, 0x0000000783500000, 0x0000000783600000|  0%| F|  |TAMS 0x0000000783500000, 0x0000000783500000| Untracked 
|  54|0x0000000783600000, 0x0000000783600000, 0x0000000783700000|  0%| F|  |TAMS 0x0000000783600000, 0x0000000783600000| Untracked 
|  55|0x0000000783700000, 0x0000000783700000, 0x0000000783800000|  0%| F|  |TAMS 0x0000000783700000, 0x0000000783700000| Untracked 
|  56|0x0000000783800000, 0x0000000783800000, 0x0000000783900000|  0%| F|  |TAMS 0x0000000783800000, 0x0000000783800000| Untracked 
|  57|0x0000000783900000, 0x0000000783900000, 0x0000000783a00000|  0%| F|  |TAMS 0x0000000783900000, 0x0000000783900000| Untracked 
|  58|0x0000000783a00000, 0x0000000783a00000, 0x0000000783b00000|  0%| F|  |TAMS 0x0000000783a00000, 0x0000000783a00000| Untracked 
|  59|0x0000000783b00000, 0x0000000783b00000, 0x0000000783c00000|  0%| F|  |TAMS 0x0000000783b00000, 0x0000000783b00000| Untracked 
|  60|0x0000000783c00000, 0x0000000783c00000, 0x0000000783d00000|  0%| F|  |TAMS 0x0000000783c00000, 0x0000000783c00000| Untracked 
|  61|0x0000000783d00000, 0x0000000783d00000, 0x0000000783e00000|  0%| F|  |TAMS 0x0000000783d00000, 0x0000000783d00000| Untracked 
|  62|0x0000000783e00000, 0x0000000783e00000, 0x0000000783f00000|  0%| F|  |TAMS 0x0000000783e00000, 0x0000000783e00000| Untracked 
|  63|0x0000000783f00000, 0x0000000783f00000, 0x0000000784000000|  0%| F|  |TAMS 0x0000000783f00000, 0x0000000783f00000| Untracked 
|  64|0x0000000784000000, 0x0000000784000000, 0x0000000784100000|  0%| F|  |TAMS 0x0000000784000000, 0x0000000784000000| Untracked 
|  65|0x0000000784100000, 0x0000000784100000, 0x0000000784200000|  0%| F|  |TAMS 0x0000000784100000, 0x0000000784100000| Untracked 
|  66|0x0000000784200000, 0x0000000784200000, 0x0000000784300000|  0%| F|  |TAMS 0x0000000784200000, 0x0000000784200000| Untracked 
|  67|0x0000000784300000, 0x0000000784300000, 0x0000000784400000|  0%| F|  |TAMS 0x0000000784300000, 0x0000000784300000| Untracked 
|  68|0x0000000784400000, 0x0000000784400000, 0x0000000784500000|  0%| F|  |TAMS 0x0000000784400000, 0x0000000784400000| Untracked 
|  69|0x0000000784500000, 0x0000000784500000, 0x0000000784600000|  0%| F|  |TAMS 0x0000000784500000, 0x0000000784500000| Untracked 
|  70|0x0000000784600000, 0x0000000784600000, 0x0000000784700000|  0%| F|  |TAMS 0x0000000784600000, 0x0000000784600000| Untracked 
|  71|0x0000000784700000, 0x0000000784700000, 0x0000000784800000|  0%| F|  |TAMS 0x0000000784700000, 0x0000000784700000| Untracked 
|  72|0x0000000784800000, 0x0000000784800000, 0x0000000784900000|  0%| F|  |TAMS 0x0000000784800000, 0x0000000784800000| Untracked 
|  73|0x0000000784900000, 0x0000000784900000, 0x0000000784a00000|  0%| F|  |TAMS 0x0000000784900000, 0x0000000784900000| Untracked 
|  74|0x0000000784a00000, 0x0000000784a00000, 0x0000000784b00000|  0%| F|  |TAMS 0x0000000784a00000, 0x0000000784a00000| Untracked 
|  75|0x0000000784b00000, 0x0000000784b00000, 0x0000000784c00000|  0%| F|  |TAMS 0x0000000784b00000, 0x0000000784b00000| Untracked 
|  76|0x0000000784c00000, 0x0000000784c00000, 0x0000000784d00000|  0%| F|  |TAMS 0x0000000784c00000, 0x0000000784c00000| Untracked 
|  77|0x0000000784d00000, 0x0000000784d00000, 0x0000000784e00000|  0%| F|  |TAMS 0x0000000784d00000, 0x0000000784d00000| Untracked 
|  78|0x0000000784e00000, 0x0000000784e00000, 0x0000000784f00000|  0%| F|  |TAMS 0x0000000784e00000, 0x0000000784e00000| Untracked 
|  79|0x0000000784f00000, 0x0000000784f00000, 0x0000000785000000|  0%| F|  |TAMS 0x0000000784f00000, 0x0000000784f00000| Untracked 
|  80|0x0000000785000000, 0x0000000785000000, 0x0000000785100000|  0%| F|  |TAMS 0x0000000785000000, 0x0000000785000000| Untracked 
|  81|0x0000000785100000, 0x0000000785100000, 0x0000000785200000|  0%| F|  |TAMS 0x0000000785100000, 0x0000000785100000| Untracked 
|  82|0x0000000785200000, 0x0000000785200000, 0x0000000785300000|  0%| F|  |TAMS 0x0000000785200000, 0x0000000785200000| Untracked 
|  83|0x0000000785300000, 0x0000000785300000, 0x0000000785400000|  0%| F|  |TAMS 0x0000000785300000, 0x0000000785300000| Untracked 
|  84|0x0000000785400000, 0x0000000785400000, 0x0000000785500000|  0%| F|  |TAMS 0x0000000785400000, 0x0000000785400000| Untracked 
|  85|0x0000000785500000, 0x0000000785500000, 0x0000000785600000|  0%| F|  |TAMS 0x0000000785500000, 0x0000000785500000| Untracked 
|  86|0x0000000785600000, 0x0000000785600000, 0x0000000785700000|  0%| F|  |TAMS 0x0000000785600000, 0x0000000785600000| Untracked 
|  87|0x0000000785700000, 0x0000000785780800, 0x0000000785800000| 50%| E|  |TAMS 0x0000000785700000, 0x0000000785700000| Complete 
|  88|0x0000000785800000, 0x0000000785900000, 0x0000000785900000|100%| E|CS|TAMS 0x0000000785800000, 0x0000000785800000| Complete 
|  89|0x0000000785900000, 0x0000000785a00000, 0x0000000785a00000|100%| E|CS|TAMS 0x0000000785900000, 0x0000000785900000| Complete 
|  90|0x0000000785a00000, 0x0000000785b00000, 0x0000000785b00000|100%| E|CS|TAMS 0x0000000785a00000, 0x0000000785a00000| Complete 
|  91|0x0000000785b00000, 0x0000000785c00000, 0x0000000785c00000|100%| E|CS|TAMS 0x0000000785b00000, 0x0000000785b00000| Complete 
|  92|0x0000000785c00000, 0x0000000785d00000, 0x0000000785d00000|100%| E|CS|TAMS 0x0000000785c00000, 0x0000000785c00000| Complete 
|  93|0x0000000785d00000, 0x0000000785e00000, 0x0000000785e00000|100%| E|CS|TAMS 0x0000000785d00000, 0x0000000785d00000| Complete 
|  94|0x0000000785e00000, 0x0000000785f00000, 0x0000000785f00000|100%| E|CS|TAMS 0x0000000785e00000, 0x0000000785e00000| Complete 
|  95|0x0000000785f00000, 0x0000000786000000, 0x0000000786000000|100%| E|CS|TAMS 0x0000000785f00000, 0x0000000785f00000| Complete 
|  96|0x0000000786000000, 0x0000000786100000, 0x0000000786100000|100%| E|CS|TAMS 0x0000000786000000, 0x0000000786000000| Complete 
|  97|0x0000000786100000, 0x0000000786200000, 0x0000000786200000|100%| E|CS|TAMS 0x0000000786100000, 0x0000000786100000| Complete 
|  98|0x0000000786200000, 0x0000000786300000, 0x0000000786300000|100%| E|CS|TAMS 0x0000000786200000, 0x0000000786200000| Complete 
|  99|0x0000000786300000, 0x0000000786400000, 0x0000000786400000|100%| E|CS|TAMS 0x0000000786300000, 0x0000000786300000| Complete 
| 100|0x0000000786400000, 0x0000000786500000, 0x0000000786500000|100%| E|CS|TAMS 0x0000000786400000, 0x0000000786400000| Complete 
| 101|0x0000000786500000, 0x0000000786600000, 0x0000000786600000|100%| E|CS|TAMS 0x0000000786500000, 0x0000000786500000| Complete 
| 102|0x0000000786600000, 0x0000000786700000, 0x0000000786700000|100%| E|CS|TAMS 0x0000000786600000, 0x0000000786600000| Complete 
| 103|0x0000000786700000, 0x0000000786800000, 0x0000000786800000|100%| E|CS|TAMS 0x0000000786700000, 0x0000000786700000| Complete 
| 104|0x0000000786800000, 0x0000000786900000, 0x0000000786900000|100%| E|CS|TAMS 0x0000000786800000, 0x0000000786800000| Complete 
| 105|0x0000000786900000, 0x0000000786a00000, 0x0000000786a00000|100%| E|CS|TAMS 0x0000000786900000, 0x0000000786900000| Complete 
| 106|0x0000000786a00000, 0x0000000786b00000, 0x0000000786b00000|100%| E|CS|TAMS 0x0000000786a00000, 0x0000000786a00000| Complete 
| 107|0x0000000786b00000, 0x0000000786c00000, 0x0000000786c00000|100%| E|CS|TAMS 0x0000000786b00000, 0x0000000786b00000| Complete 
| 108|0x0000000786c00000, 0x0000000786d00000, 0x0000000786d00000|100%| E|CS|TAMS 0x0000000786c00000, 0x0000000786c00000| Complete 
| 109|0x0000000786d00000, 0x0000000786e00000, 0x0000000786e00000|100%| E|CS|TAMS 0x0000000786d00000, 0x0000000786d00000| Complete 
| 110|0x0000000786e00000, 0x0000000786f00000, 0x0000000786f00000|100%| E|CS|TAMS 0x0000000786e00000, 0x0000000786e00000| Complete 
| 111|0x0000000786f00000, 0x0000000787000000, 0x0000000787000000|100%| E|CS|TAMS 0x0000000786f00000, 0x0000000786f00000| Complete 
| 112|0x0000000787000000, 0x00000007870b4190, 0x0000000787100000| 70%| S|CS|TAMS 0x0000000787000000, 0x0000000787000000| Complete 
| 113|0x0000000787100000, 0x0000000787200000, 0x0000000787200000|100%| S|CS|TAMS 0x0000000787100000, 0x0000000787100000| Complete 
| 114|0x0000000787200000, 0x0000000787300000, 0x0000000787300000|100%| E|CS|TAMS 0x0000000787200000, 0x0000000787200000| Complete 
| 115|0x0000000787300000, 0x0000000787400000, 0x0000000787400000|100%| E|CS|TAMS 0x0000000787300000, 0x0000000787300000| Complete 
| 116|0x0000000787400000, 0x0000000787500000, 0x0000000787500000|100%| E|CS|TAMS 0x0000000787400000, 0x0000000787400000| Complete 
| 117|0x0000000787500000, 0x0000000787600000, 0x0000000787600000|100%| E|CS|TAMS 0x0000000787500000, 0x0000000787500000| Complete 
| 118|0x0000000787600000, 0x0000000787700000, 0x0000000787700000|100%| E|CS|TAMS 0x0000000787600000, 0x0000000787600000| Complete 
| 119|0x0000000787700000, 0x0000000787800000, 0x0000000787800000|100%| E|CS|TAMS 0x0000000787700000, 0x0000000787700000| Complete 
| 120|0x0000000787800000, 0x0000000787900000, 0x0000000787900000|100%| E|CS|TAMS 0x0000000787800000, 0x0000000787800000| Complete 
| 121|0x0000000787900000, 0x0000000787a00000, 0x0000000787a00000|100%| E|CS|TAMS 0x0000000787900000, 0x0000000787900000| Complete 
| 122|0x0000000787a00000, 0x0000000787b00000, 0x0000000787b00000|100%| E|CS|TAMS 0x0000000787a00000, 0x0000000787a00000| Complete 
| 123|0x0000000787b00000, 0x0000000787c00000, 0x0000000787c00000|100%| E|  |TAMS 0x0000000787b00000, 0x0000000787b00000| Complete 
| 124|0x0000000787c00000, 0x0000000787d00000, 0x0000000787d00000|100%| E|CS|TAMS 0x0000000787c00000, 0x0000000787c00000| Complete 
| 125|0x0000000787d00000, 0x0000000787e00000, 0x0000000787e00000|100%| E|CS|TAMS 0x0000000787d00000, 0x0000000787d00000| Complete 
| 126|0x0000000787e00000, 0x0000000787f00000, 0x0000000787f00000|100%| E|CS|TAMS 0x0000000787e00000, 0x0000000787e00000| Complete 
| 127|0x0000000787f00000, 0x0000000788000000, 0x0000000788000000|100%| E|CS|TAMS 0x0000000787f00000, 0x0000000787f00000| Complete 

Card table byte_map: [0x00000001079f4000,0x0000000107df4000] _byte_map_base: 0x0000000103df4000

Marking Bits (Prev, Next): (CMBitMap*) 0x00007fa08a02ac18, (CMBitMap*) 0x00007fa08a02ac50
 Prev Bits: [0x0000000111a0c000, 0x0000000113a0c000)
 Next Bits: [0x0000000122d3b000, 0x0000000124d3b000)

Polling page: 0x0000000107365000

Metaspace:

Usage:
  Non-class:     14.92 MB capacity,    14.65 MB ( 98%) used,   210.25 KB (  1%) free+waste,    56.25 KB ( <1%) overhead. 
      Class:      2.09 MB capacity,     1.87 MB ( 89%) used,   200.66 KB (  9%) free+waste,    29.94 KB (  1%) overhead. 
       Both:     17.01 MB capacity,    16.52 MB ( 97%) used,   410.91 KB (  2%) free+waste,    86.19 KB ( <1%) overhead. 

Virtual space:
  Non-class space:       16.00 MB reserved,      15.00 MB ( 94%) committed 
      Class space:        1.00 GB reserved,       2.12 MB ( <1%) committed 
             Both:        1.02 GB reserved,      17.12 MB (  2%) committed 

Chunk freelists:
   Non-Class:  59.00 KB
       Class:  3.00 KB
        Both:  62.00 KB

MaxMetaspaceSize: unlimited
CompressedClassSpaceSize: 1.00 GB
Initial GC threshold: 20.80 MB
Current GC threshold: 20.80 MB
CDS: off

CodeHeap 'non-profiled nmethods': size=120032Kb used=878Kb max_used=878Kb free=119153Kb
 bounds [0x000000011b803000, 0x000000011ba73000, 0x0000000122d3b000]
CodeHeap 'profiled nmethods': size=120032Kb used=4391Kb max_used=4391Kb free=115640Kb
 bounds [0x00000001142cb000, 0x000000011471b000, 0x000000011b803000]
CodeHeap 'non-nmethods': size=5696Kb used=1345Kb max_used=1372Kb free=4350Kb
 bounds [0x0000000113d3b000, 0x0000000113fab000, 0x00000001142cb000]
 total_blobs=2997 nmethods=2336 adapters=574
 compilation: enabled
              stopped_count=0, restarted_count=0
 full_count=0

Compilation events (20 events):
Event: 151.860 Thread 0x00007fa089871800 2335       4       com.sun.javafx.geom.transform.GeneralTransform3D::isAffine (63 bytes)
Event: 151.872 Thread 0x00007fa089871800 nmethod 2335 0x000000011b8da410 code [0x000000011b8da620, 0x000000011b8da9f8]
Event: 152.863 Thread 0x00007fa089871800 2336       4       java.util.ArrayList::isEmpty (13 bytes)
Event: 152.864 Thread 0x00007fa089871800 nmethod 2336 0x000000011b8dac90 code [0x000000011b8dae20, 0x000000011b8dae98]
Event: 155.656 Thread 0x00007fa089871800 2337       4       javafx.scene.Node::getPeer (57 bytes)
Event: 155.658 Thread 0x00007fa089871800 nmethod 2337 0x000000011b8daf90 code [0x000000011b8db120, 0x000000011b8db198]
Event: 157.061 Thread 0x00007fa08a0ad800 2338       3       com.sun.scenario.animation.shared.ClipEnvelope::wasSynched (15 bytes)
Event: 157.061 Thread 0x00007fa08a0ad800 nmethod 2338 0x0000000114714010 code [0x00000001147141c0, 0x0000000114714330]
Event: 157.061 Thread 0x00007fa08a0ad800 2339       3       com.sun.scenario.animation.shared.TimelineClipCore::jumpTo (48 bytes)
Event: 157.063 Thread 0x00007fa08a0ad800 nmethod 2339 0x0000000114714410 code [0x0000000114714620, 0x0000000114714c40]
Event: 187.859 Thread 0x00007fa089871800 2340       4       com.sun.prism.impl.BaseGraphics::validateTransformAndPaint (71 bytes)
Event: 187.870 Thread 0x00007fa089871800 nmethod 2340 0x000000011b8db290 code [0x000000011b8db520, 0x000000011b8dbb88]
Event: 191.271 Thread 0x00007fa089871800 2341       4       java.util.RegularEnumSet::add (9 bytes)
Event: 191.275 Thread 0x00007fa089871800 nmethod 2341 0x000000011b8dbf10 code [0x000000011b8dc0c0, 0x000000011b8dc1b8]
Event: 191.664 Thread 0x00007fa089871800 2342       4       com.sun.javafx.geom.transform.AffineBase::isIdentity (20 bytes)
Event: 191.673 Thread 0x00007fa089871800 nmethod 2342 0x000000011b8dc310 code [0x000000011b8dc5a0, 0x000000011b8dcb68]
Event: 191.673 Thread 0x00007fa089871800 2343       4       com.sun.prism.impl.ManagedResource::_isgone (42 bytes)
Event: 191.673 Thread 0x00007fa089871800 nmethod 2343 0x000000011b8dce90 code [0x000000011b8dd020, 0x000000011b8dd098]
Event: 192.052 Thread 0x00007fa089871800 2344       4       com.sun.javafx.scene.NodeHelper::markDirtyImpl (11 bytes)
Event: 192.074 Thread 0x00007fa089871800 nmethod 2344 0x000000011b8dd190 code [0x000000011b8dd3a0, 0x000000011b8de308]

GC Heap History (2 events):
Event: 1.515 GC heap before
{Heap before GC invocations=0 (full 0):
 garbage-first heap   total 131072K, used 14336K [0x0000000780000000, 0x0000000800000000)
  region size 1024K, 14 young (14336K), 0 survivors (0K)
 Metaspace       used 8865K, capacity 9174K, committed 9472K, reserved 1058816K
  class space    used 867K, capacity 984K, committed 1024K, reserved 1048576K
}
Event: 1.527 GC heap after
{Heap after GC invocations=1 (full 0):
 garbage-first heap   total 131072K, used 1744K [0x0000000780000000, 0x0000000800000000)
  region size 1024K, 2 young (2048K), 2 survivors (2048K)
 Metaspace       used 8865K, capacity 9174K, committed 9472K, reserved 1058816K
  class space    used 867K, capacity 984K, committed 1024K, reserved 1048576K
}

Deoptimization events (20 events):
Event: 2.877 Thread 0x00007fa089a98000 DEOPT PACKING pc=0x000000011444bb67 sp=0x00007ff7b8cd3680
Event: 2.877 Thread 0x00007fa089a98000 DEOPT UNPACKING pc=0x0000000113d8564a sp=0x00007ff7b8cd2b30 mode 0
Event: 2.877 Thread 0x00007fa089a98000 DEOPT PACKING pc=0x000000011444bb67 sp=0x00007ff7b8cd3680
Event: 2.877 Thread 0x00007fa089a98000 DEOPT UNPACKING pc=0x0000000113d8564a sp=0x00007ff7b8cd2b30 mode 0
Event: 2.877 Thread 0x00007fa089a98000 DEOPT PACKING pc=0x000000011444bb67 sp=0x00007ff7b8cd3680
Event: 2.877 Thread 0x00007fa089a98000 DEOPT UNPACKING pc=0x0000000113d8564a sp=0x00007ff7b8cd2b30 mode 0
Event: 2.877 Thread 0x00007fa089a98000 DEOPT PACKING pc=0x000000011444bb67 sp=0x00007ff7b8cd3680
Event: 2.877 Thread 0x00007fa089a98000 DEOPT UNPACKING pc=0x0000000113d8564a sp=0x00007ff7b8cd2b30 mode 0
Event: 2.877 Thread 0x00007fa089a98000 DEOPT PACKING pc=0x000000011444bb67 sp=0x00007ff7b8cd3680
Event: 2.877 Thread 0x00007fa089a98000 DEOPT UNPACKING pc=0x0000000113d8564a sp=0x00007ff7b8cd2b30 mode 0
Event: 2.877 Thread 0x00007fa089a98000 DEOPT PACKING pc=0x000000011444bb67 sp=0x00007ff7b8cd3680
Event: 2.877 Thread 0x00007fa089a98000 DEOPT UNPACKING pc=0x0000000113d8564a sp=0x00007ff7b8cd2b30 mode 0
Event: 2.994 Thread 0x00007fa089a98000 Uncommon trap: trap_request=0xffffff4d fr.pc=0x000000011b82b1d4 relative=0x0000000000000034
Event: 2.994 Thread 0x00007fa089a98000 Uncommon trap: reason=unstable_if action=reinterpret pc=0x000000011b82b1d4 method=java.lang.StringLatin1.canEncode(I)Z @ 4 c2
Event: 2.994 Thread 0x00007fa089a98000 DEOPT PACKING pc=0x000000011b82b1d4 sp=0x00007ff7b8cd2ef0
Event: 2.994 Thread 0x00007fa089a98000 DEOPT UNPACKING pc=0x0000000113d84ea5 sp=0x00007ff7b8cd2ea0 mode 2
Event: 3.329 Thread 0x00007fa089a98000 Uncommon trap: trap_request=0xffffff4d fr.pc=0x000000011b840428 relative=0x00000000000003e8
Event: 3.329 Thread 0x00007fa089a98000 Uncommon trap: reason=unstable_if action=reinterpret pc=0x000000011b840428 method=jdk.internal.org.objectweb.asm.Type.getArgumentsAndReturnSizes(Ljava/lang/String;)I @ 47 c2
Event: 3.329 Thread 0x00007fa089a98000 DEOPT PACKING pc=0x000000011b840428 sp=0x00007ff7b8cd34b0
Event: 3.329 Thread 0x00007fa089a98000 DEOPT UNPACKING pc=0x0000000113d84ea5 sp=0x00007ff7b8cd3450 mode 2

Classes redefined (0 events):
No events

Internal exceptions (20 events):
Event: 2.333 Thread 0x00007fa089a98000 Exception <a 'java/lang/NoSuchMethodError'{0x000000078767d8f0}: 'java.lang.Object java.lang.invoke.DirectMethodHandle$Holder.invokeStaticInit(java.lang.Object, java.lang.Object, java.lang.Object, java.lang.Object)'> (0x000000078767d8f0) thrown at [./src/hotspot/share/interpreter/linkResolver.cpp, line 773]
Event: 2.334 Thread 0x00007fa089a98000 Exception <a 'java/lang/NullPointerException'{0x000000078768b390}> (0x000000078768b390) thrown at [./src/hotspot/share/interpreter/linkResolver.cpp, line 1358]
Event: 2.334 Thread 0x00007fa089a98000 Exception <a 'java/lang/NullPointerException'{0x000000078768b390}> (0x000000078768b390) thrown at [./src/hotspot/share/prims/jvm.cpp, line 1310]
Event: 2.611 Thread 0x00007fa089a98000 Exception <a 'java/lang/NoSuchMethodError'{0x00000007873b7910}: 'java.lang.Object java.lang.invoke.DirectMethodHandle$Holder.invokeStatic(java.lang.Object, java.lang.Object, java.lang.Object, java.lang.Object, java.lang.Object, java.lang.Object, java.lang.Object, java.lang.Object, java.lang.Object, java.lang.Object, java.lang.Object, java.lang.Object, java.lang.Object, java.lang.Object, java.lang.Object)'> (0x00000007873b7910) thrown at [./src/hotspot/share/interpreter/linkResolver.cpp, line 773]
Event: 2.612 Thread 0x00007fa089a98000 Exception <a 'java/lang/NoSuchMethodError'{0x00000007873c5670}: 'java.lang.Object java.lang.invoke.DirectMethodHandle$Holder.invokeStatic(java.lang.Object, java.lang.Object, java.lang.Object, java.lang.Object, java.lang.Object, java.lang.Object, java.lang.Object, java.lang.Object, java.lang.Object, java.lang.Object, java.lang.Object, java.lang.Object, java.lang.Object, java.lang.Object, java.lang.Object, java.lang.Object)'> (0x00000007873c5670) thrown at [./src/hotspot/share/interpreter/linkResolver.cpp, l
Event: 2.613 Thread 0x00007fa089a98000 Exception <a 'java/lang/NoSuchMethodError'{0x00000007873d32e0}: 'java.lang.Object java.lang.invoke.DirectMethodHandle$Holder.invokeSpecial(java.lang.Object, java.lang.Object, int, int, java.lang.Object, java.lang.Object, java.lang.Object)'> (0x00000007873d32e0) thrown at [./src/hotspot/share/interpreter/linkResolver.cpp, line 773]
Event: 2.613 Thread 0x00007fa089a98000 Exception <a 'java/lang/NoSuchMethodError'{0x00000007873d6870}: 'java.lang.Object java.lang.invoke.DelegatingMethodHandle$Holder.reinvoke_L(java.lang.Object, int, int, java.lang.Object, java.lang.Object, java.lang.Object)'> (0x00000007873d6870) thrown at [./src/hotspot/share/interpreter/linkResolver.cpp, line 773]
Event: 2.615 Thread 0x00007fa089a98000 Exception <a 'java/lang/NoSuchMethodError'{0x00000007873daaf8}: 'java.lang.Object java.lang.invoke.DirectMethodHandle$Holder.invokeStatic(java.lang.Object, java.lang.Object, java.lang.Object, java.lang.Object, int)'> (0x00000007873daaf8) thrown at [./src/hotspot/share/interpreter/linkResolver.cpp, line 773]
Event: 2.820 Thread 0x00007fa089a98000 Exception <a 'java/io/FileNotFoundException'{0x0000000786d47748}> (0x0000000786d47748) thrown at [./src/hotspot/share/prims/jni.cpp, line 616]
Event: 2.952 Thread 0x00007fa089a98000 Exception <a 'java/io/FileNotFoundException'{0x0000000786cc8d38}> (0x0000000786cc8d38) thrown at [./src/hotspot/share/prims/jni.cpp, line 616]
Event: 2.982 Thread 0x00007fa089a98000 Exception <a 'java/io/FileNotFoundException'{0x0000000786cfdf50}> (0x0000000786cfdf50) thrown at [./src/hotspot/share/prims/jni.cpp, line 616]
Event: 3.049 Thread 0x00007fa089a98000 Exception <a 'java/lang/NoSuchMethodError'{0x0000000786bf4fe0}: 'java.lang.Object java.lang.invoke.DirectMethodHandle$Holder.invokeStatic(java.lang.Object, java.lang.Object, java.lang.Object, java.lang.Object, java.lang.Object, java.lang.Object, java.lang.Object, java.lang.Object, java.lang.Object, java.lang.Object, java.lang.Object, int)'> (0x0000000786bf4fe0) thrown at [./src/hotspot/share/interpreter/linkResolver.cpp, line 773]
Event: 3.051 Thread 0x00007fa089a98000 Exception <a 'java/lang/NoSuchMethodError'{0x0000000786a13790}: 'java.lang.Object java.lang.invoke.DirectMethodHandle$Holder.invokeStatic(java.lang.Object, java.lang.Object, java.lang.Object, java.lang.Object, java.lang.Object, java.lang.Object, java.lang.Object, java.lang.Object, java.lang.Object, java.lang.Object, java.lang.Object, int, int)'> (0x0000000786a13790) thrown at [./src/hotspot/share/interpreter/linkResolver.cpp, line 773]
Event: 3.053 Thread 0x00007fa089a98000 Exception <a 'java/lang/NoSuchMethodError'{0x0000000786a32520}: 'java.lang.Object java.lang.invoke.DirectMethodHandle$Holder.invokeStatic(java.lang.Object, java.lang.Object, java.lang.Object, java.lang.Object, java.lang.Object, java.lang.Object, java.lang.Object, java.lang.Object, java.lang.Object, java.lang.Object, java.lang.Object, int, int, java.lang.Object)'> (0x0000000786a32520) thrown at [./src/hotspot/share/interpreter/linkResolver.cpp, line 773]
Event: 3.054 Thread 0x00007fa089a98000 Exception <a 'java/lang/NoSuchMethodError'{0x0000000786a52938}: 'java.lang.Object java.lang.invoke.DirectMethodHandle$Holder.invokeStatic(java.lang.Object, java.lang.Object, java.lang.Object, java.lang.Object, java.lang.Object, java.lang.Object, java.lang.Object, java.lang.Object, java.lang.Object, java.lang.Object, java.lang.Object, int, int, java.lang.Object, java.lang.Object)'> (0x0000000786a52938) thrown at [./src/hotspot/share/interpreter/linkResolver.cpp, line 773]
Event: 3.232 Thread 0x00007fa089a98000 Exception <a 'java/lang/NoSuchMethodError'{0x0000000786822208}: 'java.lang.Object java.lang.invoke.Invokers$Holder.linkToTargetMethod(java.lang.Object, int, java.lang.Object)'> (0x0000000786822208) thrown at [./src/hotspot/share/interpreter/linkResolver.cpp, line 773]
Event: 3.329 Thread 0x00007fa089a98000 Exception <a 'java/lang/NoSuchMethodError'{0x0000000786847958}: 'long java.lang.invoke.DirectMethodHandle$Holder.invokeStaticInit(java.lang.Object, java.lang.Object, java.lang.Object)'> (0x0000000786847958) thrown at [./src/hotspot/share/interpreter/linkResolver.cpp, line 773]
Event: 3.379 Thread 0x00007fa089a98000 Exception <a 'java/lang/NoSuchMethodError'{0x0000000786860290}: 'java.lang.Object java.lang.invoke.DirectMethodHandle$Holder.invokeStatic(java.lang.Object, java.lang.Object, long)'> (0x0000000786860290) thrown at [./src/hotspot/share/interpreter/linkResolver.cpp, line 773]
Event: 3.382 Thread 0x00007fa089a98000 Exception <a 'java/lang/NoSuchMethodError'{0x0000000786866408}: 'java.lang.Object java.lang.invoke.Invokers$Holder.linkToTargetMethod(java.lang.Object, long, java.lang.Object)'> (0x0000000786866408) thrown at [./src/hotspot/share/interpreter/linkResolver.cpp, line 773]
Event: 3.426 Thread 0x00007fa08996d800 Exception <a 'java/lang/NoSuchMethodError'{0x000000078671db68}: 'int java.lang.invoke.DirectMethodHandle$Holder.invokeStaticInit(java.lang.Object, java.lang.Object)'> (0x000000078671db68) thrown at [./src/hotspot/share/interpreter/linkResolver.cpp, line 773]

Events (20 events):
Event: 3.527 loading class com/sun/glass/ui/mac/MacVariant
Event: 3.527 loading class com/sun/glass/ui/mac/MacVariant done
Event: 3.528 loading class com/sun/glass/ui/mac/MacVariant
Event: 3.528 loading class com/sun/glass/ui/mac/MacVariant done
Event: 3.537 loading class javafx/scene/AccessibleAttribute
Event: 3.537 loading class javafx/scene/AccessibleAttribute done
Event: 3.537 loading class com/sun/glass/ui/Accessible
Event: 3.537 loading class com/sun/glass/ui/Accessible done
Event: 5.060 Loaded shared library /Library/Java/JavaVirtualMachines/temurin-11.jdk/Contents/Home/lib/server/libjvm.dylib
Event: 6.398 loading class com/sun/javafx/tk/quantum/GlassViewEventHandler
Event: 6.398 loading class com/sun/javafx/tk/quantum/GlassViewEventHandler done
Event: 8.861 Loaded shared library /Users/stojajozic/Desktop/RIT/Sophmore/Spring/ISTE-121/JavaFXDownloads/javafx-sdk-17.0.1/lib/libprism_es2.dylib
Event: 12.828 Loaded shared library /Users/stojajozic/Desktop/RIT/Sophmore/Spring/ISTE-121/JavaFXDownloads/javafx-sdk-17.0.1/lib/libprism_es2.dylib
Event: 13.454 Loaded shared library /Users/stojajozic/Desktop/RIT/Sophmore/Spring/ISTE-121/JavaFXDownloads/javafx-sdk-17.0.1/lib/libprism_es2.dylib
Event: 17.516 Loaded shared library /Users/stojajozic/Desktop/RIT/Sophmore/Spring/ISTE-121/JavaFXDownloads/javafx-sdk-17.0.1/lib/libprism_es2.dylib
Event: 17.850 Loaded shared library /Users/stojajozic/Desktop/RIT/Sophmore/Spring/ISTE-121/JavaFXDownloads/javafx-sdk-17.0.1/lib/libprism_es2.dylib
Event: 22.861 Loaded shared library /Users/stojajozic/Desktop/RIT/Sophmore/Spring/ISTE-121/JavaFXDownloads/javafx-sdk-17.0.1/lib/libprism_es2.dylib
Event: 26.451 Loaded shared library /Users/stojajozic/Desktop/RIT/Sophmore/Spring/ISTE-121/JavaFXDownloads/javafx-sdk-17.0.1/lib/libprism_es2.dylib
Event: 99.651 Loaded shared library /Users/stojajozic/Desktop/RIT/Sophmore/Spring/ISTE-121/JavaFXDownloads/javafx-sdk-17.0.1/lib/libprism_es2.dylib
Event: 150.651 Loaded shared library /Users/stojajozic/Desktop/RIT/Sophmore/Spring/ISTE-121/JavaFXDownloads/javafx-sdk-17.0.1/lib/libprism_es2.dylib


Dynamic libraries:
0x0000000107346000 	/Library/Java/JavaVirtualMachines/temurin-11.jdk/Contents/Home/lib/jli/libjli.dylib
0x00007ff82539f000 	/System/Library/Frameworks/Cocoa.framework/Versions/A/Cocoa
0x00007ff811210000 	/System/Library/Frameworks/AppKit.framework/Versions/C/AppKit
0x00007ff81470c000 	/System/Library/Frameworks/CoreData.framework/Versions/A/CoreData
0x00007ff80f627000 	/System/Library/Frameworks/Foundation.framework/Versions/C/Foundation
0x00007ff8194d4000 	/usr/lib/libSystem.B.dylib
0x00007ff8120a2000 	/System/Library/PrivateFrameworks/UIFoundation.framework/Versions/A/UIFoundation
0x00007ff81f34b000 	/System/Library/PrivateFrameworks/RemoteViewServices.framework/Versions/A/RemoteViewServices
0x00007ff817736000 	/System/Library/PrivateFrameworks/XCTTargetBootstrap.framework/Versions/A/XCTTargetBootstrap
0x00007ff81b2e4000 	/System/Library/PrivateFrameworks/InternationalSupport.framework/Versions/A/InternationalSupport
0x00007ff81b36e000 	/System/Library/PrivateFrameworks/UserActivity.framework/Versions/A/UserActivity
0x00007ff81a6c4000 	/usr/lib/libspindump.dylib
0x00007ff812330000 	/System/Library/Frameworks/UniformTypeIdentifiers.framework/Versions/A/UniformTypeIdentifiers
0x00007ff815e6f000 	/usr/lib/libapp_launch_measurement.dylib
0x00007ff8150d8000 	/System/Library/PrivateFrameworks/CoreAnalytics.framework/Versions/A/CoreAnalytics
0x00007ff815e72000 	/System/Library/PrivateFrameworks/CoreAutoLayout.framework/Versions/A/CoreAutoLayout
0x00007ff817092000 	/System/Library/Frameworks/Metal.framework/Versions/A/Metal
0x00007ff817dac000 	/usr/lib/liblangid.dylib
0x00007ff81773a000 	/System/Library/PrivateFrameworks/CoreSVG.framework/Versions/A/CoreSVG
0x00007ff8136f7000 	/System/Library/PrivateFrameworks/SkyLight.framework/Versions/A/SkyLight
0x00007ff813a8d000 	/System/Library/Frameworks/CoreGraphics.framework/Versions/A/CoreGraphics
0x00007ff81f9ba000 	/System/Library/Frameworks/Accelerate.framework/Versions/A/Accelerate
0x00007ff81a13f000 	/System/Library/PrivateFrameworks/IconServices.framework/Versions/A/IconServices
0x00007ff817077000 	/System/Library/Frameworks/IOSurface.framework/Versions/A/IOSurface
0x00007ff815106000 	/usr/lib/libDiagnosticMessagesClient.dylib
0x00007ff8193f4000 	/usr/lib/libz.1.dylib
0x00007ff82302b000 	/System/Library/Frameworks/ApplicationServices.framework/Versions/A/ApplicationServices
0x00007ff817722000 	/System/Library/PrivateFrameworks/DFRFoundation.framework/Versions/A/DFRFoundation
0x00007ff810b01000 	/usr/lib/libicucore.A.dylib
0x00007ff81c009000 	/System/Library/Frameworks/AudioToolbox.framework/Versions/A/AudioToolbox
0x00007ff81b2f0000 	/System/Library/PrivateFrameworks/DataDetectorsCore.framework/Versions/A/DataDetectorsCore
0x00007ff916c48000 	/System/Library/PrivateFrameworks/TextInput.framework/Versions/A/TextInput
0x00007ff81367b000 	/usr/lib/libMobileGestalt.dylib
0x00007ff81742a000 	/System/Library/Frameworks/Carbon.framework/Versions/A/Frameworks/HIToolbox.framework/Versions/A/HIToolbox
0x00007ff81589c000 	/System/Library/Frameworks/QuartzCore.framework/Versions/A/QuartzCore
0x00007ff8107a1000 	/System/Library/Frameworks/Security.framework/Versions/A/Security
0x00007ff81f383000 	/System/Library/Frameworks/Carbon.framework/Versions/A/Frameworks/SpeechRecognition.framework/Versions/A/SpeechRecognition
0x00007ff815bcf000 	/System/Library/PrivateFrameworks/CoreUI.framework/Versions/A/CoreUI
0x00007ff810079000 	/System/Library/Frameworks/CoreAudio.framework/Versions/A/CoreAudio
0x00007ff8151f4000 	/System/Library/Frameworks/DiskArbitration.framework/Versions/A/DiskArbitration
0x00007ff81aaab000 	/System/Library/PrivateFrameworks/MultitouchSupport.framework/Versions/A/MultitouchSupport
0x00007ff81367a000 	/usr/lib/libenergytrace.dylib
0x00007ff8110fc000 	/System/Library/Frameworks/IOKit.framework/Versions/A/IOKit
0x00007ff81f76f000 	/System/Library/Frameworks/CoreServices.framework/Versions/A/CoreServices
0x00007ff815e09000 	/System/Library/PrivateFrameworks/PerformanceAnalysis.framework/Versions/A/PerformanceAnalysis
0x00007ffa26418000 	/System/Library/Frameworks/OpenGL.framework/Versions/A/OpenGL
0x00007ff818a21000 	/System/Library/PrivateFrameworks/MobileKeyBag.framework/Versions/A/MobileKeyBag
0x00007ff80e5e8000 	/usr/lib/libobjc.A.dylib
0x00007ff814159000 	/System/Library/Frameworks/ColorSync.framework/Versions/A/ColorSync
0x00007ff80e7a1000 	/System/Library/Frameworks/CoreFoundation.framework/Versions/A/CoreFoundation
0x00007ff8179b3000 	/System/Library/Frameworks/CoreImage.framework/Versions/A/CoreImage
0x00007ff80fe8f000 	/System/Library/Frameworks/CoreText.framework/Versions/A/CoreText
0x00007ff817769000 	/System/Library/Frameworks/ImageIO.framework/Versions/A/ImageIO
0x00007ff8194da000 	/System/Library/PrivateFrameworks/SoftLinking.framework/Versions/A/SoftLinking
0x00007ff815eba000 	/usr/lib/libxml2.2.dylib
0x00007ff80e6ae000 	/usr/lib/libc++.1.dylib
0x00007ff81975e000 	/usr/lib/libcompression.dylib
0x00007ff81b21a000 	/System/Library/PrivateFrameworks/TextureIO.framework/Versions/A/TextureIO
0x00007ff819e51000 	/usr/lib/libate.dylib
0x00007ff8194cf000 	/usr/lib/system/libcache.dylib
0x00007ff81948b000 	/usr/lib/system/libcommonCrypto.dylib
0x00007ff8194b4000 	/usr/lib/system/libcompiler_rt.dylib
0x00007ff8194aa000 	/usr/lib/system/libcopyfile.dylib
0x00007ff80e4e2000 	/usr/lib/system/libcorecrypto.dylib
0x00007ff80e5a1000 	/usr/lib/system/libdispatch.dylib
0x00007ff80e760000 	/usr/lib/system/libdyld.dylib
0x00007ff8194c6000 	/usr/lib/system/libkeymgr.dylib
0x00007ff819469000 	/usr/lib/system/libmacho.dylib
0x00007ff818af5000 	/usr/lib/system/libquarantine.dylib
0x00007ff8194c4000 	/usr/lib/system/libremovefile.dylib
0x00007ff8136c7000 	/usr/lib/system/libsystem_asl.dylib
0x00007ff80e490000 	/usr/lib/system/libsystem_blocks.dylib
0x00007ff80e625000 	/usr/lib/system/libsystem_c.dylib
0x00007ff8194bc000 	/usr/lib/system/libsystem_collections.dylib
0x00007ff817d9d000 	/usr/lib/system/libsystem_configuration.dylib
0x00007ff81705a000 	/usr/lib/system/libsystem_containermanager.dylib
0x00007ff8191a6000 	/usr/lib/system/libsystem_coreservices.dylib
0x00007ff810d8a000 	/usr/lib/system/libsystem_darwin.dylib
0x00007ff8194c7000 	/usr/lib/system/libsystem_dnssd.dylib
0x00007ff80e622000 	/usr/lib/system/libsystem_featureflags.dylib
0x00007ff80e776000 	/usr/lib/system/libsystem_info.dylib
0x00007ff819407000 	/usr/lib/system/libsystem_m.dylib
0x00007ff80e575000 	/usr/lib/system/libsystem_malloc.dylib
0x00007ff813664000 	/usr/lib/system/libsystem_networkextension.dylib
0x00007ff8111b2000 	/usr/lib/system/libsystem_notify.dylib
0x00007ff81f644000 	/usr/lib/system/libsystem_product_info_filter.dylib
0x00007ff817da1000 	/usr/lib/system/libsystem_sandbox.dylib
0x00007ff8194c1000 	/usr/lib/system/libsystem_secinit.dylib
0x00007ff80e71d000 	/usr/lib/system/libsystem_kernel.dylib
0x00007ff80e76c000 	/usr/lib/system/libsystem_platform.dylib
0x00007ff80e754000 	/usr/lib/system/libsystem_pthread.dylib
0x00007ff814f1f000 	/usr/lib/system/libsystem_symptoms.dylib
0x00007ff80e4c9000 	/usr/lib/system/libsystem_trace.dylib
0x00007ff819497000 	/usr/lib/system/libunwind.dylib
0x00007ff80e492000 	/usr/lib/system/libxpc.dylib
0x00007ff80e707000 	/usr/lib/libc++abi.dylib
0x00007ff8194a2000 	/usr/lib/liboah.dylib
0x00007ff819c2f000 	/usr/lib/liblzma.5.dylib
0x00007ff80f338000 	/System/Library/Frameworks/SystemConfiguration.framework/Versions/A/SystemConfiguration
0x00007ff8194d6000 	/usr/lib/libfakelink.dylib
0x00007ff8131cd000 	/System/Library/Frameworks/CFNetwork.framework/Versions/A/CFNetwork
0x00007ff819615000 	/usr/lib/libarchive.2.dylib
0x00007ff817da8000 	/System/Library/PrivateFrameworks/AppleSystemInfo.framework/Versions/A/AppleSystemInfo
0x00007ff818b1c000 	/usr/lib/libbsm.0.dylib
0x00007ff812803000 	/usr/lib/libnetwork.dylib
0x00007ff81946f000 	/usr/lib/system/libkxld.dylib
0x00007ff81874a000 	/System/Library/PrivateFrameworks/IOMobileFramebuffer.framework/Versions/A/IOMobileFramebuffer
0x00007ffb2423d000 	/usr/lib/libCoreEntitlements.dylib
0x00007ff819188000 	/System/Library/PrivateFrameworks/AppleFSCompression.framework/Versions/A/AppleFSCompression
0x00007ff818b04000 	/usr/lib/libcoretls.dylib
0x00007ff819c49000 	/usr/lib/libcoretls_cfhelpers.dylib
0x00007ff819759000 	/usr/lib/libpam.2.dylib
0x00007ff814b41000 	/usr/lib/libsqlite3.dylib
0x00007ff819cb8000 	/usr/lib/libxar.1.dylib
0x00007ff819198000 	/usr/lib/libbz2.1.0.dylib
0x00007ff8194db000 	/usr/lib/libpcap.A.dylib
0x00007ff814f16000 	/usr/lib/libdns_services.dylib
0x00007ff819728000 	/usr/lib/libapple_nghttp2.dylib
0x00007ff819512000 	/usr/lib/libiconv.2.dylib
0x00007ff819468000 	/usr/lib/libcharset.1.dylib
0x00007ff815e3d000 	/System/Library/Frameworks/CoreServices.framework/Versions/A/Frameworks/FSEvents.framework/Versions/A/FSEvents
0x00007ff810d94000 	/System/Library/Frameworks/CoreServices.framework/Versions/A/Frameworks/CarbonCore.framework/Versions/A/CarbonCore
0x00007ff815159000 	/System/Library/Frameworks/CoreServices.framework/Versions/A/Frameworks/Metadata.framework/Versions/A/Metadata
0x00007ff8191ab000 	/System/Library/Frameworks/CoreServices.framework/Versions/A/Frameworks/OSServices.framework/Versions/A/OSServices
0x00007ff81969c000 	/System/Library/Frameworks/CoreServices.framework/Versions/A/Frameworks/SearchKit.framework/Versions/A/SearchKit
0x00007ff814ea8000 	/System/Library/Frameworks/CoreServices.framework/Versions/A/Frameworks/AE.framework/Versions/A/AE
0x00007ff80eca4000 	/System/Library/Frameworks/CoreServices.framework/Versions/A/Frameworks/LaunchServices.framework/Versions/A/LaunchServices
0x00007ff819be0000 	/System/Library/Frameworks/CoreServices.framework/Versions/A/Frameworks/DictionaryServices.framework/Versions/A/DictionaryServices
0x00007ff815e4a000 	/System/Library/Frameworks/CoreServices.framework/Versions/A/Frameworks/SharedFileList.framework/Versions/A/SharedFileList
0x00007ff818af8000 	/usr/lib/libCheckFix.dylib
0x00007ff8136de000 	/System/Library/PrivateFrameworks/TCC.framework/Versions/A/TCC
0x00007ff817dae000 	/System/Library/PrivateFrameworks/CoreNLP.framework/Versions/A/CoreNLP
0x00007ff815109000 	/System/Library/PrivateFrameworks/MetadataUtilities.framework/Versions/A/MetadataUtilities
0x00007ff80f3e8000 	/usr/lib/libmecabra.dylib
0x00007ff818b2c000 	/usr/lib/libmecab.dylib
0x00007ff80f3b3000 	/usr/lib/libCRFSuite.dylib
0x00007ff818b89000 	/usr/lib/libgermantok.dylib
0x00007ff819703000 	/usr/lib/libThaiTokenizer.dylib
0x00007ff8151fb000 	/System/Library/Frameworks/Accelerate.framework/Versions/A/Frameworks/vImage.framework/Versions/A/vImage
0x00007ff81f746000 	/System/Library/Frameworks/Accelerate.framework/Versions/A/Frameworks/vecLib.framework/Versions/A/vecLib
0x00007ff819cf9000 	/System/Library/Frameworks/Accelerate.framework/Versions/A/Frameworks/vecLib.framework/Versions/A/libvMisc.dylib
0x00007ff818568000 	/System/Library/Frameworks/Accelerate.framework/Versions/A/Frameworks/vecLib.framework/Versions/A/libvDSP.dylib
0x00007ff80f01c000 	/System/Library/Frameworks/Accelerate.framework/Versions/A/Frameworks/vecLib.framework/Versions/A/libBLAS.dylib
0x00007ff81983a000 	/System/Library/Frameworks/Accelerate.framework/Versions/A/Frameworks/vecLib.framework/Versions/A/libLAPACK.dylib
0x00007ff818b8c000 	/System/Library/Frameworks/Accelerate.framework/Versions/A/Frameworks/vecLib.framework/Versions/A/libLinearAlgebra.dylib
0x00007ff819741000 	/System/Library/Frameworks/Accelerate.framework/Versions/A/Frameworks/vecLib.framework/Versions/A/libSparseBLAS.dylib
0x00007ff819834000 	/System/Library/Frameworks/Accelerate.framework/Versions/A/Frameworks/vecLib.framework/Versions/A/libQuadrature.dylib
0x00007ff817e98000 	/System/Library/Frameworks/Accelerate.framework/Versions/A/Frameworks/vecLib.framework/Versions/A/libBNNS.dylib
0x00007ff80f2c9000 	/System/Library/Frameworks/Accelerate.framework/Versions/A/Frameworks/vecLib.framework/Versions/A/libSparse.dylib
0x00007ff817e91000 	/System/Library/PrivateFrameworks/LinguisticData.framework/Versions/A/LinguisticData
0x00007ff80f27e000 	/System/Library/PrivateFrameworks/Lexicon.framework/Versions/A/Lexicon
0x00007ff819cf2000 	/usr/lib/libChineseTokenizer.dylib
0x00007ff80f9e2000 	/System/Library/PrivateFrameworks/LanguageModeling.framework/Versions/A/LanguageModeling
0x00007ff819705000 	/System/Library/PrivateFrameworks/AppleSauce.framework/Versions/A/AppleSauce
0x00007ff818738000 	/System/Library/PrivateFrameworks/CoreEmoji.framework/Versions/A/CoreEmoji
0x00007ff819604000 	/usr/lib/libcmph.dylib
0x00007ff815e21000 	/System/Library/Frameworks/OpenDirectory.framework/Versions/A/Frameworks/CFOpenDirectory.framework/Versions/A/CFOpenDirectory
0x00007ff815e15000 	/System/Library/Frameworks/OpenDirectory.framework/Versions/A/OpenDirectory
0x00007ff819c4b000 	/System/Library/PrivateFrameworks/APFS.framework/Versions/A/APFS
0x00007ff818a59000 	/System/Library/Frameworks/SecurityFoundation.framework/Versions/A/SecurityFoundation
0x00007ff819cc6000 	/usr/lib/libutil.dylib
0x00007ff8110bf000 	/System/Library/PrivateFrameworks/CoreServicesStore.framework/Versions/A/CoreServicesStore
0x00007ff819cca000 	/usr/lib/libxslt.1.dylib
0x00007ff818ae6000 	/System/Library/PrivateFrameworks/BackgroundTaskManagement.framework/Versions/A/BackgroundTaskManagement
0x00007ff81b13a000 	/System/Library/Frameworks/ImageIO.framework/Versions/A/Resources/libRadiance.dylib
0x00007ff81b143000 	/System/Library/Frameworks/ImageIO.framework/Versions/A/Resources/libJPEG.dylib
0x00007ff81b093000 	/System/Library/Frameworks/ImageIO.framework/Versions/A/Resources/libPng.dylib
0x00007ff81b0b4000 	/System/Library/Frameworks/ImageIO.framework/Versions/A/Resources/libTIFF.dylib
0x00007ff81b1a3000 	/System/Library/Frameworks/ImageIO.framework/Versions/A/Resources/libGIF.dylib
0x00007ff81a9c4000 	/System/Library/Frameworks/ImageIO.framework/Versions/A/Resources/libJP2.dylib
0x00007ff81a106000 	/usr/lib/libexpat.1.dylib
0x00007ff81a979000 	/System/Library/PrivateFrameworks/AppleJPEG.framework/Versions/A/AppleJPEG
0x00007ff8172ed000 	/System/Library/PrivateFrameworks/FontServices.framework/libFontParser.dylib
0x00007ff814e52000 	/System/Library/PrivateFrameworks/RunningBoardServices.framework/Versions/A/RunningBoardServices
0x00007ff82591b000 	/System/Library/PrivateFrameworks/IOSurfaceAccelerator.framework/Versions/A/IOSurfaceAccelerator
0x00007ff81aaa7000 	/System/Library/PrivateFrameworks/WatchdogClient.framework/Versions/A/WatchdogClient
0x00007ff80fad1000 	/System/Library/Frameworks/CoreDisplay.framework/Versions/A/CoreDisplay
0x00007ff8171ec000 	/System/Library/Frameworks/CoreMedia.framework/Versions/A/CoreMedia
0x00007ff817089000 	/System/Library/PrivateFrameworks/IOAccelerator.framework/Versions/A/IOAccelerator
0x00007ff815f9d000 	/System/Library/Frameworks/CoreVideo.framework/Versions/A/CoreVideo
0x00007ff819757000 	/System/Library/Frameworks/MetalPerformanceShaders.framework/Versions/A/MetalPerformanceShaders
0x00007ff81aae2000 	/System/Library/Frameworks/VideoToolbox.framework/Versions/A/VideoToolbox
0x00007ff814d9a000 	/System/Library/PrivateFrameworks/BaseBoard.framework/Versions/A/BaseBoard
0x00007ff814b27000 	/System/Library/PrivateFrameworks/ProtocolBuffer.framework/Versions/A/ProtocolBuffer
0x00007ff81b133000 	/System/Library/PrivateFrameworks/GPUWrangler.framework/Versions/A/GPUWrangler
0x00007ff81b116000 	/System/Library/PrivateFrameworks/IOPresentment.framework/Versions/A/IOPresentment
0x00007ff81b13d000 	/System/Library/PrivateFrameworks/DSExternalDisplay.framework/Versions/A/DSExternalDisplay
0x00007ffa2640c000 	/System/Library/Frameworks/OpenGL.framework/Versions/A/Libraries/libCoreFSCache.dylib
0x00007ffb124ad000 	/System/Library/PrivateFrameworks/GPUCompiler.framework/Versions/31001/Libraries/libGPUCompilerUtils.dylib
0x00007ff81b1a8000 	/System/Library/PrivateFrameworks/CMCaptureCore.framework/Versions/A/CMCaptureCore
0x00007ff81a6b2000 	/System/Library/PrivateFrameworks/AppServerSupport.framework/Versions/A/AppServerSupport
0x00007ff81c88f000 	/System/Library/PrivateFrameworks/perfdata.framework/Versions/A/perfdata
0x00007ff80fbfd000 	/System/Library/PrivateFrameworks/AudioToolboxCore.framework/Versions/A/AudioToolboxCore
0x00007ff8171c9000 	/System/Library/PrivateFrameworks/caulk.framework/Versions/A/caulk
0x00007ff81c1b3000 	/usr/lib/libAudioStatistics.dylib
0x00007ff9134d6000 	/System/Library/PrivateFrameworks/SystemPolicy.framework/Versions/A/SystemPolicy
0x00007ff81c408000 	/usr/lib/libSMC.dylib
0x00007ff825252000 	/System/Library/Frameworks/CoreMIDI.framework/Versions/A/CoreMIDI
0x00007ff81b063000 	/usr/lib/libAudioToolboxUtility.dylib
0x00007ff90f8e8000 	/System/Library/PrivateFrameworks/OSAServicesClient.framework/Versions/A/OSAServicesClient
0x00007ff81c89c000 	/usr/lib/libperfcheck.dylib
0x00007ff913f68000 	/usr/lib/libmis.dylib
0x00007ffa26468000 	/System/Library/Frameworks/OpenGL.framework/Versions/A/Libraries/libGLU.dylib
0x00007ffa2642b000 	/System/Library/Frameworks/OpenGL.framework/Versions/A/Libraries/libGFXShared.dylib
0x00007ffa26639000 	/System/Library/Frameworks/OpenGL.framework/Versions/A/Libraries/libGL.dylib
0x00007ffa26434000 	/System/Library/Frameworks/OpenGL.framework/Versions/A/Libraries/libGLImage.dylib
0x00007ffa26428000 	/System/Library/Frameworks/OpenGL.framework/Versions/A/Libraries/libCVMSPluginSupport.dylib
0x00007ffa26413000 	/System/Library/Frameworks/OpenGL.framework/Versions/A/Libraries/libCoreVMClient.dylib
0x00007ff817d2c000 	/System/Library/Frameworks/MetalPerformanceShaders.framework/Versions/A/Frameworks/MPSCore.framework/Versions/A/MPSCore
0x00007ff8190f3000 	/System/Library/Frameworks/MetalPerformanceShaders.framework/Versions/A/Frameworks/MPSImage.framework/Versions/A/MPSImage
0x00007ff818ba2000 	/System/Library/Frameworks/MetalPerformanceShaders.framework/Versions/A/Frameworks/MPSNeuralNetwork.framework/Versions/A/MPSNeuralNetwork
0x00007ff819017000 	/System/Library/Frameworks/MetalPerformanceShaders.framework/Versions/A/Frameworks/MPSMatrix.framework/Versions/A/MPSMatrix
0x00007ff818dd3000 	/System/Library/Frameworks/MetalPerformanceShaders.framework/Versions/A/Frameworks/MPSRayIntersector.framework/Versions/A/MPSRayIntersector
0x00007ff819050000 	/System/Library/Frameworks/MetalPerformanceShaders.framework/Versions/A/Frameworks/MPSNDArray.framework/Versions/A/MPSNDArray
0x00007ffa2b02d000 	/System/Library/Frameworks/MetalPerformanceShaders.framework/Versions/A/Frameworks/MPSFunctions.framework/Versions/A/MPSFunctions
0x00007ff80eeff000 	/System/Library/PrivateFrameworks/MetalTools.framework/Versions/A/MetalTools
0x00007ff817da6000 	/System/Library/PrivateFrameworks/AggregateDictionary.framework/Versions/A/AggregateDictionary
0x00007ff819ee8000 	/usr/lib/libIOReport.dylib
0x00007ffa27a48000 	/System/Library/Frameworks/OpenCL.framework/Versions/A/OpenCL
0x00007ff81a24c000 	/System/Library/PrivateFrameworks/FaceCore.framework/Versions/A/FaceCore
0x00007ff81a23d000 	/System/Library/PrivateFrameworks/GraphVisualizer.framework/Versions/A/GraphVisualizer
0x00007ffb123b8000 	/System/Library/PrivateFrameworks/FontServices.framework/Versions/A/FontServices
0x00007ff81a669000 	/System/Library/PrivateFrameworks/OTSVG.framework/Versions/A/OTSVG
0x00007ff815b85000 	/System/Library/Frameworks/ApplicationServices.framework/Versions/A/Frameworks/ATS.framework/Versions/A/Resources/libFontRegistry.dylib
0x00007ff81a6ba000 	/System/Library/PrivateFrameworks/FontServices.framework/libhvf.dylib
0x00007ffb123b9000 	/System/Library/PrivateFrameworks/FontServices.framework/libXTFontStaticRegistryData.dylib
0x00007ff81a0b6000 	/System/Library/PrivateFrameworks/AppleVA.framework/Versions/A/AppleVA
0x00007ff81c1d7000 	/System/Library/Frameworks/ApplicationServices.framework/Versions/A/Frameworks/ATS.framework/Versions/A/ATS
0x00007ff814255000 	/System/Library/Frameworks/ApplicationServices.framework/Versions/A/Frameworks/HIServices.framework/Versions/A/HIServices
0x00007ff81b1b2000 	/System/Library/Frameworks/ApplicationServices.framework/Versions/A/Frameworks/PrintCore.framework/Versions/A/PrintCore
0x00007ff81c55b000 	/System/Library/Frameworks/ApplicationServices.framework/Versions/A/Frameworks/QD.framework/Versions/A/QD
0x00007ff81c553000 	/System/Library/Frameworks/ApplicationServices.framework/Versions/A/Frameworks/ColorSyncLegacy.framework/Versions/A/ColorSyncLegacy
0x00007ff81c1c7000 	/System/Library/Frameworks/ApplicationServices.framework/Versions/A/Frameworks/SpeechSynthesis.framework/Versions/A/SpeechSynthesis
0x00007ff81b173000 	/System/Library/Frameworks/ApplicationServices.framework/Versions/A/Frameworks/ATSUI.framework/Versions/A/ATSUI
0x00007ff81c4e8000 	/usr/lib/libcups.2.dylib
0x00007ff81c8ab000 	/System/Library/Frameworks/Kerberos.framework/Versions/A/Kerberos
0x00007ff81c8ba000 	/System/Library/Frameworks/GSS.framework/Versions/A/GSS
0x00007ff81c243000 	/usr/lib/libresolv.9.dylib
0x00007ff81a6c9000 	/System/Library/PrivateFrameworks/Heimdal.framework/Versions/A/Heimdal
0x00007ff8233a8000 	/System/Library/Frameworks/Kerberos.framework/Versions/A/Libraries/libHeimdalProxy.dylib
0x00007ff814f27000 	/System/Library/Frameworks/Network.framework/Versions/A/Network
0x00007ff81a120000 	/usr/lib/libheimdal-asn1.dylib
0x00007ff81c906000 	/System/Library/PrivateFrameworks/CommonAuth.framework/Versions/A/CommonAuth
0x00007ff81c144000 	/System/Library/PrivateFrameworks/AudioSession.framework/Versions/A/AudioSession
0x00007ff81a1b0000 	/System/Library/PrivateFrameworks/MediaExperience.framework/Versions/A/MediaExperience
0x00007ff81bfd8000 	/System/Library/PrivateFrameworks/AudioSession.framework/libSessionUtility.dylib
0x00007ff81c567000 	/System/Library/PrivateFrameworks/AudioResourceArbitration.framework/Versions/A/AudioResourceArbitration
0x00007ff820559000 	/System/Library/PrivateFrameworks/PowerLog.framework/Versions/A/PowerLog
0x00007ff81a129000 	/System/Library/PrivateFrameworks/IconFoundation.framework/Versions/A/IconFoundation
0x00007ff81f373000 	/System/Library/PrivateFrameworks/SpeechRecognitionCore.framework/Versions/A/SpeechRecognitionCore
0x000000010810b000 	/Library/Java/JavaVirtualMachines/temurin-11.jdk/Contents/Home/lib/server/libjvm.dylib
0x0000000107375000 	/Library/Java/JavaVirtualMachines/temurin-11.jdk/Contents/Home/lib/libverify.dylib
0x00000001073b2000 	/Library/Java/JavaVirtualMachines/temurin-11.jdk/Contents/Home/lib/libjava.dylib
0x0000000107386000 	/Library/Java/JavaVirtualMachines/temurin-11.jdk/Contents/Home/lib/libjimage.dylib
0x000000010739e000 	/Library/Java/JavaVirtualMachines/temurin-11.jdk/Contents/Home/lib/libzip.dylib
0x0000000107e58000 	/Library/Java/JavaVirtualMachines/temurin-11.jdk/Contents/Home/lib/libnio.dylib
0x0000000107e84000 	/Library/Java/JavaVirtualMachines/temurin-11.jdk/Contents/Home/lib/libnet.dylib
0x0000000107e9d000 	/Users/stojajozic/Desktop/RIT/Sophmore/Spring/ISTE-121/JavaFXDownloads/javafx-sdk-17.0.1/lib/libprism_es2.dylib
0x00007ff811080000 	/System/Library/PrivateFrameworks/CoreServicesInternal.framework/Versions/A/CoreServicesInternal
0x00007ffa26644000 	/System/Library/Frameworks/OpenGL.framework/Versions/A/Resources/GLEngine.bundle/GLEngine
0x00007ffa264a6000 	/System/Library/Frameworks/OpenGL.framework/Versions/A/Libraries/libGLProgrammability.dylib
0x00007ffa1e178000 	/System/Library/Extensions/AppleIntelBDWGraphicsGLDriver.bundle/Contents/MacOS/AppleIntelBDWGraphicsGLDriver
0x00007ff91de4c000 	/System/Library/PrivateFrameworks/GPUSupport.framework/Versions/A/Libraries/libGPUSupportMercury.dylib
0x00007ffa267d3000 	/System/Library/Frameworks/OpenGL.framework/Versions/A/Resources/GLRendererFloat.bundle/GLRendererFloat
0x0000000113c0c000 	/Users/stojajozic/Desktop/RIT/Sophmore/Spring/ISTE-121/JavaFXDownloads/javafx-sdk-17.0.1/lib/libglass.dylib
0x00007ff820b4a000 	/System/Library/Frameworks/FileProvider.framework/Versions/A/FileProvider
0x00007ff814d06000 	/System/Library/Frameworks/Accounts.framework/Versions/A/Accounts
0x00007ff820cc2000 	/System/Library/PrivateFrameworks/GenerationalStorage.framework/Versions/A/GenerationalStorage
0x00007ff8217d4000 	/System/Library/PrivateFrameworks/CoreSymbolication.framework/Versions/A/CoreSymbolication
0x00007ff82054e000 	/System/Library/PrivateFrameworks/SymptomDiagnosticReporter.framework/Versions/A/SymptomDiagnosticReporter
0x00007ff812344000 	/System/Library/PrivateFrameworks/DesktopServicesPriv.framework/Versions/A/DesktopServicesPriv
0x00007ff8111c1000 	/usr/lib/libsandbox.1.dylib
0x00007ff81601c000 	/System/Library/PrivateFrameworks/UserManagement.framework/Versions/A/UserManagement
0x00007ff821799000 	/System/Library/PrivateFrameworks/DebugSymbols.framework/Versions/A/DebugSymbols
0x00007ff81c548000 	/System/Library/PrivateFrameworks/NetAuth.framework/Versions/A/NetAuth
0x00007ff81d437000 	/System/Library/PrivateFrameworks/Sharing.framework/Versions/A/Sharing
0x00007ff815fef000 	/System/Library/PrivateFrameworks/login.framework/Versions/A/Frameworks/loginsupport.framework/Versions/A/loginsupport
0x00007ff8228da000 	/System/Library/PrivateFrameworks/Apple80211.framework/Versions/A/Apple80211
0x00007ff8191d8000 	/System/Library/PrivateFrameworks/AuthKit.framework/Versions/A/AuthKit
0x00007ff81882e000 	/System/Library/PrivateFrameworks/CoreUtils.framework/Versions/A/CoreUtils
0x00007ff818755000 	/System/Library/Frameworks/CoreWLAN.framework/Versions/A/CoreWLAN
0x00007ff81d592000 	/System/Library/Frameworks/IOBluetooth.framework/Versions/A/IOBluetooth
0x00007ff822942000 	/System/Library/PrivateFrameworks/CoreWiFi.framework/Versions/A/CoreWiFi
0x00007ff82136e000 	/System/Library/PrivateFrameworks/FrontBoardServices.framework/Versions/A/FrontBoardServices
0x00007ff821400000 	/System/Library/PrivateFrameworks/BoardServices.framework/Versions/A/BoardServices
0x00007ff818a48000 	/System/Library/PrivateFrameworks/AssertionServices.framework/Versions/A/AssertionServices
0x00007ff822ac6000 	/System/Library/PrivateFrameworks/BackBoardServices.framework/Versions/A/BackBoardServices
0x00007ff81c995000 	/System/Library/PrivateFrameworks/CorePhoneNumbers.framework/Versions/A/CorePhoneNumbers
0x00007ff82066b000 	/System/Library/PrivateFrameworks/DiskManagement.framework/Versions/A/DiskManagement
0x00007ff82057f000 	/System/Library/PrivateFrameworks/AppleIDAuthSupport.framework/Versions/A/AppleIDAuthSupport
0x00007ffa2cfe6000 	/System/Library/PrivateFrameworks/AAAFoundation.framework/Versions/A/AAAFoundation
0x00007ff81c976000 	/System/Library/PrivateFrameworks/KeychainCircle.framework/Versions/A/KeychainCircle
0x00007ff820637000 	/System/Library/PrivateFrameworks/MediaKit.framework/Versions/A/MediaKit
0x00007ff82058b000 	/System/Library/Frameworks/DiscRecording.framework/Versions/A/DiscRecording
0x00007ff81a02e000 	/usr/lib/libCoreStorage.dylib
0x00007ff822db5000 	/usr/lib/libcsfde.dylib
0x00007ff81d65f000 	/System/Library/PrivateFrameworks/ProtectedCloudStorage.framework/Versions/A/ProtectedCloudStorage
0x00007ff822db1000 	/System/Library/PrivateFrameworks/EFILogin.framework/Versions/A/EFILogin
0x00007ff820ce8000 	/System/Library/PrivateFrameworks/OctagonTrust.framework/Versions/A/OctagonTrust
0x00007ffb116da000 	/System/Library/PrivateFrameworks/CoreUtilsExtras.framework/Versions/A/CoreUtilsExtras
0x00007ff8204c1000 	/System/Library/Frameworks/CoreBluetooth.framework/Versions/A/CoreBluetooth
0x00007ff82342d000 	/System/Library/Frameworks/AudioUnit.framework/Versions/A/AudioUnit
0x00007ff81a026000 	/usr/lib/libMatch.1.dylib
0x00007ff9183cc000 	/System/Library/Frameworks/Accelerate.framework/Versions/A/Frameworks/vImage.framework/Versions/A/Libraries/libCGInterfaces.dylib
0x000000012ad6d000 	/usr/lib/libobjc-trampolines.dylib
0x00007ff815d15000 	/System/Library/PrivateFrameworks/ViewBridge.framework/Versions/A/ViewBridge
0x00007ffa2d6a0000 	/System/Library/PrivateFrameworks/AccessibilityBundles.framework/Versions/A/AccessibilityBundles
0x000000012db8c000 	/Users/stojajozic/Desktop/RIT/Sophmore/Spring/ISTE-121/JavaFXDownloads/javafx-sdk-17.0.1/lib/libjavafx_font.dylib
0x00007ff81a783000 	/System/Library/PrivateFrameworks/login.framework/Versions/A/login
0x00007ffb2434f000 	/usr/lib/libRosetta.dylib
0x00007ff81fa3e000 	/System/Library/PrivateFrameworks/SystemAdministration.framework/Versions/A/SystemAdministration
0x00007ff81b3da000 	/System/Library/Frameworks/MediaToolbox.framework/Versions/A/MediaToolbox
0x00007ff81f33f000 	/System/Library/Frameworks/DirectoryService.framework/Versions/A/DirectoryService
0x00007ff822c53000 	/System/Library/PrivateFrameworks/DiskImages.framework/Versions/A/DiskImages
0x00007ff818af0000 	/System/Library/Frameworks/ServiceManagement.framework/Versions/A/ServiceManagement
0x00007ff822e2d000 	/System/Library/PrivateFrameworks/LoginUIKit.framework/Versions/A/Frameworks/LoginUICore.framework/Versions/A/LoginUICore
0x00007ff81a931000 	/usr/lib/libodfde.dylib
0x00007ff820b1a000 	/System/Library/PrivateFrameworks/CoreAVCHD.framework/Versions/A/CoreAVCHD
0x00007ff81fa02000 	/System/Library/Frameworks/MediaAccessibility.framework/Versions/A/MediaAccessibility
0x00007ff820b16000 	/System/Library/PrivateFrameworks/Mangrove.framework/Versions/A/Mangrove
0x00007ff81fa0d000 	/System/Library/PrivateFrameworks/AlgosScoreFramework.framework/Versions/A/AlgosScoreFramework
0x00007ffb0eb1f000 	/System/Library/PrivateFrameworks/CMPhoto.framework/Versions/A/CMPhoto
0x00007ff82166f000 	/System/Library/PrivateFrameworks/AppleVPA.framework/Versions/A/AppleVPA
0x00007ff82075b000 	/System/Library/PrivateFrameworks/CoreAUC.framework/Versions/A/CoreAUC
0x00007ff822dc1000 	/usr/lib/libcurl.4.dylib
0x00007ff822b1e000 	/usr/lib/libcrypto.44.dylib
0x00007ff822c26000 	/usr/lib/libssl.46.dylib
0x00007ff822ae4000 	/System/Library/Frameworks/LDAP.framework/Versions/A/LDAP
0x00007ff822b1c000 	/System/Library/PrivateFrameworks/TrustEvaluationAgent.framework/Versions/A/TrustEvaluationAgent
0x00007ff81c25c000 	/usr/lib/libsasl2.2.dylib
0x00007ff81fa32000 	/System/Library/PrivateFrameworks/CoreDaemon.framework/Versions/B/CoreDaemon
0x00007ff81fa2d000 	/System/Library/PrivateFrameworks/AppleSRP.framework/Versions/A/AppleSRP


VM Arguments:
jvm_args: --module-path=/Users/stojajozic/Desktop/RIT/Sophmore/Spring/ISTE-121/JavaFXDownloads/javafx-sdk-17.0.1/lib --add-modules=javafx.controls -Dprism.verbose=true 
java_command: View
java_class_path (initial): /Users/stojajozic/Library/Application Support/Code/User/workspaceStorage/26dab3a690938858adc7d560069a39cd/redhat.java/jdt_ws/LSPacman_671cad75/bin:/Users/stojajozic/Desktop/RIT/Sophmore/Spring/ISTE-121/JavaFXDownloads/javafx-sdk-17.0.1/lib/javafx.base.jar:/Users/stojajozic/Desktop/RIT/Sophmore/Spring/ISTE-121/JavaFXDownloads/javafx-sdk-17.0.1/lib/javafx-swt.jar:/Users/stojajozic/Desktop/RIT/Sophmore/Spring/ISTE-121/JavaFXDownloads/javafx-sdk-17.0.1/lib/javafx.media.jar:/Users/stojajozic/Desktop/RIT/Sophmore/Spring/ISTE-121/JavaFXDownloads/javafx-sdk-17.0.1/lib/javafx.fxml.jar:/Users/stojajozic/Desktop/RIT/Sophmore/Spring/ISTE-121/JavaFXDownloads/javafx-sdk-17.0.1/lib/javafx.graphics.jar:/Users/stojajozic/Desktop/RIT/Sophmore/Spring/ISTE-121/JavaFXDownloads/javafx-sdk-17.0.1/lib/javafx.swing.jar:/Users/stojajozic/Desktop/RIT/Sophmore/Spring/ISTE-121/JavaFXDownloads/javafx-sdk-17.0.1/lib/javafx.controls.jar:/Users/stojajozic/Desktop/RIT/Sophmore/Spring/ISTE-121/JavaFXDownloads/javafx-sdk-17.0.1/lib/javafx.web.jar
Launcher Type: SUN_STANDARD

[Global flags]
     intx CICompilerCount                          = 3                                         {product} {ergonomic}
     uint ConcGCThreads                            = 1                                         {product} {ergonomic}
     uint G1ConcRefinementThreads                  = 4                                         {product} {ergonomic}
   size_t G1HeapRegionSize                         = 1048576                                   {product} {ergonomic}
    uintx GCDrainStackTargetSize                   = 64                                        {product} {ergonomic}
   size_t InitialHeapSize                          = 134217728                                 {product} {ergonomic}
   size_t MarkStackSize                            = 4194304                                   {product} {ergonomic}
   size_t MaxHeapSize                              = 2147483648                                {product} {ergonomic}
   size_t MaxNewSize                               = 1287651328                                {product} {ergonomic}
   size_t MinHeapDeltaBytes                        = 1048576                                   {product} {ergonomic}
    uintx NonNMethodCodeHeapSize                   = 5830732                                {pd product} {ergonomic}
    uintx NonProfiledCodeHeapSize                  = 122913754                              {pd product} {ergonomic}
    uintx ProfiledCodeHeapSize                     = 122913754                              {pd product} {ergonomic}
    uintx ReservedCodeCacheSize                    = 251658240                              {pd product} {ergonomic}
     bool SegmentedCodeCache                       = true                                      {product} {ergonomic}
     bool UseCompressedClassPointers               = true                                 {lp64_product} {ergonomic}
     bool UseCompressedOops                        = true                                 {lp64_product} {ergonomic}
     bool UseG1GC                                  = true                                      {product} {ergonomic}

Logging:
Log output configuration:
 #0: stdout all=warning uptime,level,tags
 #1: stderr all=off uptime,level,tags

Environment Variables:
PATH=/usr/local/bin:/usr/bin:/bin:/usr/sbin:/sbin:/usr/local/share/dotnet:~/.dotnet/tools:/Library/Apple/usr/bin:/Library/Frameworks/Mono.framework/Versions/Current/Commands
SHELL=/bin/zsh
LANG=en_GB.UTF-8

Signal Handlers:
SIGSEGV: [libjvm.dylib+0x7c4d6c], sa_mask[0]=11111111011111110111111111111111, sa_flags=SA_ONSTACK|SA_RESTART|SA_SIGINFO
SIGBUS: [libjvm.dylib+0x7c4d6c], sa_mask[0]=11111111011111110111111111111111, sa_flags=SA_RESTART|SA_SIGINFO
SIGFPE: [libjvm.dylib+0x7c4d6c], sa_mask[0]=11111111011111110111111111111111, sa_flags=SA_RESTART|SA_SIGINFO
SIGPIPE: [libjvm.dylib+0x6298ca], sa_mask[0]=11111111011111110111111111111111, sa_flags=SA_RESTART|SA_SIGINFO
SIGXFSZ: [libjvm.dylib+0x6298ca], sa_mask[0]=11111111011111110111111111111111, sa_flags=SA_RESTART|SA_SIGINFO
SIGILL: [libjvm.dylib+0x7c4d6c], sa_mask[0]=11111111011111110111111111111111, sa_flags=SA_RESTART|SA_SIGINFO
SIGUSR2: [libjvm.dylib+0x629eb1], sa_mask[0]=00000000000000000000000000000000, sa_flags=SA_RESTART|SA_SIGINFO
SIGHUP: [libjvm.dylib+0x628a93], sa_mask[0]=11111111011111110111111111111111, sa_flags=SA_RESTART|SA_SIGINFO
SIGINT: [libjvm.dylib+0x628a93], sa_mask[0]=11111111011111110111111111111111, sa_flags=SA_RESTART|SA_SIGINFO
SIGTERM: [libjvm.dylib+0x628a93], sa_mask[0]=11111111011111110111111111111111, sa_flags=SA_RESTART|SA_SIGINFO
SIGQUIT: [libjvm.dylib+0x628a93], sa_mask[0]=11111111011111110111111111111111, sa_flags=SA_RESTART|SA_SIGINFO


---------------  S Y S T E M  ---------------

OS:uname:Darwin 21.3.0 Darwin Kernel Version 21.3.0: Wed Jan  5 21:37:58 PST 2022; root:xnu-8019.80.24~20/RELEASE_X86_64 x86_64
OS uptime: 3 days 21:59 hours
rlimit (soft/hard): STACK 8192k/65532k , CORE 0k/infinity , NPROC 1392/2088 , NOFILE 10240/infinity , AS infinity/infinity , CPU infinity/infinity , DATA infinity/infinity , FSIZE infinity/infinity , MEMLOCK infinity/infinity , RSS infinity/infinity
load average:7.61 7.02 7.01

CPU:total 4 (initial active 4) (2 cores per cpu, 2 threads per core) family 6 model 61 stepping 4 microcode 0x2f, cmov, cx8, fxsr, mmx, sse, sse2, sse3, ssse3, sse4.1, sse4.2, popcnt, avx, avx2, aes, clmul, erms, 3dnowpref, lzcnt, ht, tsc, tscinvbit, bmi1, bmi2, adx, fma

Memory: 4k page, physical 8388608k(80440k free), swap 3145728k(1301248k free)

vm_info: OpenJDK 64-Bit Server VM (11.0.13+8) for bsd-amd64 JRE (11.0.13+8), built on Oct 20 2021 01:56:05 by "jenkins" with clang 4.2.1 Compatible Apple LLVM 10.0.1 (clang-1001.0.46.4)

END.
